<testsuites id="" name="" tests="79" failures="15" skipped="0" errors="0" time="267.433517">
<testsuite name="auth.setup.ts" timestamp="2025-08-29T19:03:04.873Z" hostname="auth-setup" tests="1" failures="0" skipped="0" time="5.487" errors="0">
<testcase name="Auth Setup › criar storage state autenticado" classname="auth.setup.ts" time="5.487">
<system-out>
<![CDATA[✅ auth.setup.ts: storage state gerado em e2e/storage/auth.json
]]>
</system-out>
</testcase>
</testsuite>
<testsuite name="smoke.spec.ts" timestamp="2025-08-29T19:03:04.873Z" hostname="chromium" tests="13" failures="2" skipped="0" time="423.444" errors="0">
<testcase name="Smoke Tests › deve carregar dashboard principal" classname="smoke.spec.ts" time="33.212">
</testcase>
<testcase name="Smoke Tests › deve carregar página de clientes" classname="smoke.spec.ts" time="32.935">
</testcase>
<testcase name="Smoke Tests › deve carregar página de profissionais" classname="smoke.spec.ts" time="33.503">
</testcase>
<testcase name="Smoke Tests › deve carregar página de serviços" classname="smoke.spec.ts" time="32.31">
</testcase>
<testcase name="Smoke Tests › deve carregar página de agenda" classname="smoke.spec.ts" time="33.352">
</testcase>
<testcase name="Smoke Tests › deve carregar página da fila" classname="smoke.spec.ts" time="32.526">
</testcase>
<testcase name="Smoke Tests › deve carregar página financeira" classname="smoke.spec.ts" time="31.188">
</testcase>
<testcase name="Smoke Tests › deve carregar página de relatórios" classname="smoke.spec.ts" time="32.734">
</testcase>
<testcase name="Smoke Tests › deve carregar página de configurações" classname="smoke.spec.ts" time="46.013">
<failure message="smoke.spec.ts:150:7 deve carregar página de configurações" type="FAILURE">
<![CDATA[  [chromium] › smoke.spec.ts:150:7 › Smoke Tests › deve carregar página de configurações ───────────

    Test timeout of 45000ms exceeded.

    Error: expect(locator).toBeVisible() failed

    Locator:  locator('[data-testid="unidade-link"]')
    Expected: visible
    Received: undefined

    Call log:
      - Expect "toBeVisible" with timeout 10000ms
      - waiting for locator('[data-testid="unidade-link"]')


      160 |     // Verificar se há navegação para configurações específicas
      161 |     await expect(authenticatedPage.locator('[data-testid="perfil-link"]')).toBeVisible();
    > 162 |     await expect(authenticatedPage.locator('[data-testid="unidade-link"]')).toBeVisible();
          |                                                                             ^
      163 |     await expect(authenticatedPage.locator('[data-testid="sistema-link"]')).toBeVisible();
      164 |   });
      165 |
        at C:\Users\ADMIN\Desktop\saasBarbearia\saas-barbearia\e2e\tests\smoke.spec.ts:162:77

    attachment #1: screenshot (image/png) ──────────────────────────────────────────────────────────
    ..\..\test-results\smoke-Smoke-Tests-deve-carregar-página-de-configurações-chromium\test-failed-1.png
    ────────────────────────────────────────────────────────────────────────────────────────────────

    attachment #2: video (video/webm) ──────────────────────────────────────────────────────────────
    ..\..\test-results\smoke-Smoke-Tests-deve-carregar-página-de-configurações-chromium\video.webm
    ────────────────────────────────────────────────────────────────────────────────────────────────

    Error Context: ..\..\test-results\smoke-Smoke-Tests-deve-carregar-página-de-configurações-chromium\error-context.md
]]>
</failure>
<system-err>
<![CDATA[
Warning: attachment smoke-Smoke-Tests-deve-carregar-página-de-configurações-chromium\test-failed-1.png is missing
Warning: attachment smoke-Smoke-Tests-deve-carregar-página-de-configurações-chromium\video.webm is missing
Warning: attachment smoke-Smoke-Tests-deve-carregar-página-de-configurações-chromium\error-context.md is missing]]>
</system-err>
</testcase>
<testcase name="Smoke Tests › deve navegar entre módulos principais" classname="smoke.spec.ts" time="46.072">
<failure message="smoke.spec.ts:166:7 deve navegar entre módulos principais" type="FAILURE">
<![CDATA[  [chromium] › smoke.spec.ts:166:7 › Smoke Tests › deve navegar entre módulos principais ───────────

    Test timeout of 45000ms exceeded.

    Error: page.click: Test timeout of 45000ms exceeded.
    Call log:
      - waiting for locator('[data-testid="nav-agenda"]')
        - locator resolved to <a href="/agenda" data-testid="nav-agenda">Agenda</a>
      - attempting click action
        - waiting for element to be visible, enabled and stable
        - element is visible, enabled and stable
        - scrolling into view if needed


      175 |
      176 |     // Navegar para agenda
    > 177 |     await authenticatedPage.click('[data-testid="nav-agenda"]');
          |                             ^
      178 |     await authenticatedPage.waitForURL('/agenda');
      179 |     await authenticatedPage.waitForSelector('[data-testid="agenda-content"]');
      180 |
        at C:\Users\ADMIN\Desktop\saasBarbearia\saas-barbearia\e2e\tests\smoke.spec.ts:177:29

    attachment #1: screenshot (image/png) ──────────────────────────────────────────────────────────
    ..\..\test-results\smoke-Smoke-Tests-deve-navegar-entre-módulos-principais-chromium\test-failed-1.png
    ────────────────────────────────────────────────────────────────────────────────────────────────

    attachment #2: video (video/webm) ──────────────────────────────────────────────────────────────
    ..\..\test-results\smoke-Smoke-Tests-deve-navegar-entre-módulos-principais-chromium\video.webm
    ────────────────────────────────────────────────────────────────────────────────────────────────

    Error Context: ..\..\test-results\smoke-Smoke-Tests-deve-navegar-entre-módulos-principais-chromium\error-context.md
]]>
</failure>
<system-err>
<![CDATA[
Warning: attachment smoke-Smoke-Tests-deve-navegar-entre-módulos-principais-chromium\test-failed-1.png is missing
Warning: attachment smoke-Smoke-Tests-deve-navegar-entre-módulos-principais-chromium\video.webm is missing
Warning: attachment smoke-Smoke-Tests-deve-navegar-entre-módulos-principais-chromium\error-context.md is missing]]>
</system-err>
</testcase>
<testcase name="Smoke Tests › deve carregar componentes de layout consistentemente" classname="smoke.spec.ts" time="22.731">
</testcase>
<testcase name="Smoke Tests › deve responder a mudanças de viewport" classname="smoke.spec.ts" time="22.841">
</testcase>
<testcase name="Smoke Tests › deve carregar páginas com performance aceitável" classname="smoke.spec.ts" time="24.027">
</testcase>
</testsuite>
<testsuite name="smoke.spec.ts" timestamp="2025-08-29T19:03:04.873Z" hostname="firefox" tests="13" failures="10" skipped="0" time="522.674" errors="0">
<testcase name="Smoke Tests › deve carregar dashboard principal" classname="smoke.spec.ts" time="45.055">
<failure message="smoke.spec.ts:8:7 deve carregar dashboard principal" type="FAILURE">
<![CDATA[  [firefox] › smoke.spec.ts:8:7 › Smoke Tests › deve carregar dashboard principal ──────────────────

    Test timeout of 45000ms exceeded while setting up "page".

    Error: browserContext.newPage: Test timeout of 45000ms exceeded.
]]>
</failure>
</testcase>
<testcase name="Smoke Tests › deve carregar página de clientes" classname="smoke.spec.ts" time="45.044">
<failure message="smoke.spec.ts:25:7 deve carregar página de clientes" type="FAILURE">
<![CDATA[  [firefox] › smoke.spec.ts:25:7 › Smoke Tests › deve carregar página de clientes ──────────────────

    Test timeout of 45000ms exceeded while setting up "page".

    Error: browserContext.newPage: Test timeout of 45000ms exceeded.
]]>
</failure>
</testcase>
<testcase name="Smoke Tests › deve carregar página de profissionais" classname="smoke.spec.ts" time="45.057">
<failure message="smoke.spec.ts:42:7 deve carregar página de profissionais" type="FAILURE">
<![CDATA[  [firefox] › smoke.spec.ts:42:7 › Smoke Tests › deve carregar página de profissionais ─────────────

    Test timeout of 45000ms exceeded while setting up "page".

    Error: browserContext.newPage: Test timeout of 45000ms exceeded.
]]>
</failure>
</testcase>
<testcase name="Smoke Tests › deve carregar página de serviços" classname="smoke.spec.ts" time="26.676">
</testcase>
<testcase name="Smoke Tests › deve carregar página de agenda" classname="smoke.spec.ts" time="24.504">
</testcase>
<testcase name="Smoke Tests › deve carregar página da fila" classname="smoke.spec.ts" time="20.961">
</testcase>
<testcase name="Smoke Tests › deve carregar página financeira" classname="smoke.spec.ts" time="45.032">
<failure message="smoke.spec.ts:114:7 deve carregar página financeira" type="FAILURE">
<![CDATA[  [firefox] › smoke.spec.ts:114:7 › Smoke Tests › deve carregar página financeira ──────────────────

    Test timeout of 45000ms exceeded while setting up "page".

    Error: browserContext.newPage: Test timeout of 45000ms exceeded.
]]>
</failure>
</testcase>
<testcase name="Smoke Tests › deve carregar página de relatórios" classname="smoke.spec.ts" time="45.051">
<failure message="smoke.spec.ts:131:7 deve carregar página de relatórios" type="FAILURE">
<![CDATA[  [firefox] › smoke.spec.ts:131:7 › Smoke Tests › deve carregar página de relatórios ───────────────

    Test timeout of 45000ms exceeded while setting up "page".

    Error: browserContext.newPage: Test timeout of 45000ms exceeded.
]]>
</failure>
</testcase>
<testcase name="Smoke Tests › deve carregar página de configurações" classname="smoke.spec.ts" time="45.035">
<failure message="smoke.spec.ts:150:7 deve carregar página de configurações" type="FAILURE">
<![CDATA[  [firefox] › smoke.spec.ts:150:7 › Smoke Tests › deve carregar página de configurações ────────────

    Test timeout of 45000ms exceeded while setting up "page".

    Error: browserContext.newPage: Test timeout of 45000ms exceeded.
]]>
</failure>
</testcase>
<testcase name="Smoke Tests › deve navegar entre módulos principais" classname="smoke.spec.ts" time="45.039">
<failure message="smoke.spec.ts:166:7 deve navegar entre módulos principais" type="FAILURE">
<![CDATA[  [firefox] › smoke.spec.ts:166:7 › Smoke Tests › deve navegar entre módulos principais ────────────

    Test timeout of 45000ms exceeded while setting up "page".

    Error: browserContext.newPage: Test timeout of 45000ms exceeded.
]]>
</failure>
</testcase>
<testcase name="Smoke Tests › deve carregar componentes de layout consistentemente" classname="smoke.spec.ts" time="45.039">
<failure message="smoke.spec.ts:197:7 deve carregar componentes de layout consistentemente" type="FAILURE">
<![CDATA[  [firefox] › smoke.spec.ts:197:7 › Smoke Tests › deve carregar componentes de layout consistentemente 

    Test timeout of 45000ms exceeded while setting up "page".

    Error: browserContext.newPage: Test timeout of 45000ms exceeded.
]]>
</failure>
</testcase>
<testcase name="Smoke Tests › deve responder a mudanças de viewport" classname="smoke.spec.ts" time="45.069">
<failure message="smoke.spec.ts:218:7 deve responder a mudanças de viewport" type="FAILURE">
<![CDATA[  [firefox] › smoke.spec.ts:218:7 › Smoke Tests › deve responder a mudanças de viewport ────────────

    Test timeout of 45000ms exceeded while setting up "page".

    Error: browserContext.newPage: Test timeout of 45000ms exceeded.
]]>
</failure>
</testcase>
<testcase name="Smoke Tests › deve carregar páginas com performance aceitável" classname="smoke.spec.ts" time="45.112">
<failure message="smoke.spec.ts:242:7 deve carregar páginas com performance aceitável" type="FAILURE">
<![CDATA[  [firefox] › smoke.spec.ts:242:7 › Smoke Tests › deve carregar páginas com performance aceitável ──

    Test timeout of 45000ms exceeded while setting up "page".

    Error: browserContext.newPage: Test timeout of 45000ms exceeded.
]]>
</failure>
</testcase>
</testsuite>
<testsuite name="smoke.spec.ts" timestamp="2025-08-29T19:03:04.873Z" hostname="webkit" tests="13" failures="0" skipped="0" time="64.533" errors="0">
<testcase name="Smoke Tests › deve carregar dashboard principal" classname="smoke.spec.ts" time="3.08">
</testcase>
<testcase name="Smoke Tests › deve carregar página de clientes" classname="smoke.spec.ts" time="2.528">
</testcase>
<testcase name="Smoke Tests › deve carregar página de profissionais" classname="smoke.spec.ts" time="2.543">
</testcase>
<testcase name="Smoke Tests › deve carregar página de serviços" classname="smoke.spec.ts" time="2.956">
</testcase>
<testcase name="Smoke Tests › deve carregar página de agenda" classname="smoke.spec.ts" time="3.308">
</testcase>
<testcase name="Smoke Tests › deve carregar página da fila" classname="smoke.spec.ts" time="2.829">
</testcase>
<testcase name="Smoke Tests › deve carregar página financeira" classname="smoke.spec.ts" time="2.435">
</testcase>
<testcase name="Smoke Tests › deve carregar página de relatórios" classname="smoke.spec.ts" time="2.283">
</testcase>
<testcase name="Smoke Tests › deve carregar página de configurações" classname="smoke.spec.ts" time="2.933">
</testcase>
<testcase name="Smoke Tests › deve navegar entre módulos principais" classname="smoke.spec.ts" time="8.684">
</testcase>
<testcase name="Smoke Tests › deve carregar componentes de layout consistentemente" classname="smoke.spec.ts" time="2.432">
</testcase>
<testcase name="Smoke Tests › deve responder a mudanças de viewport" classname="smoke.spec.ts" time="4.226">
</testcase>
<testcase name="Smoke Tests › deve carregar páginas com performance aceitável" classname="smoke.spec.ts" time="24.296">
</testcase>
</testsuite>
<testsuite name="smoke.spec.ts" timestamp="2025-08-29T19:03:04.873Z" hostname="mobile-chrome" tests="13" failures="2" skipped="0" time="290.537" errors="0">
<testcase name="Smoke Tests › deve carregar dashboard principal" classname="smoke.spec.ts" time="21.022">
</testcase>
<testcase name="Smoke Tests › deve carregar página de clientes" classname="smoke.spec.ts" time="21.743">
</testcase>
<testcase name="Smoke Tests › deve carregar página de profissionais" classname="smoke.spec.ts" time="21.953">
</testcase>
<testcase name="Smoke Tests › deve carregar página de serviços" classname="smoke.spec.ts" time="21.955">
</testcase>
<testcase name="Smoke Tests › deve carregar página de agenda" classname="smoke.spec.ts" time="20.342">
</testcase>
<testcase name="Smoke Tests › deve carregar página da fila" classname="smoke.spec.ts" time="17.7">
</testcase>
<testcase name="Smoke Tests › deve carregar página financeira" classname="smoke.spec.ts" time="16.791">
</testcase>
<testcase name="Smoke Tests › deve carregar página de relatórios" classname="smoke.spec.ts" time="18.418">
</testcase>
<testcase name="Smoke Tests › deve carregar página de configurações" classname="smoke.spec.ts" time="19.346">
</testcase>
<testcase name="Smoke Tests › deve navegar entre módulos principais" classname="smoke.spec.ts" time="45.755">
<failure message="smoke.spec.ts:166:7 deve navegar entre módulos principais" type="FAILURE">
<![CDATA[  [mobile-chrome] › smoke.spec.ts:166:7 › Smoke Tests › deve navegar entre módulos principais ──────

    Test timeout of 45000ms exceeded.

    Error: page.click: Test timeout of 45000ms exceeded.
    Call log:
      - waiting for locator('[data-testid="nav-clientes"]')
        - locator resolved to <a href="/clientes" data-testid="nav-clientes">Clientes</a>
      - attempting click action
        - waiting for element to be visible, enabled and stable
        - element is visible, enabled and stable
        - scrolling into view if needed
        - done scrolling
        - performing click action
        - <div aria-hidden="true" class="MuiBackdrop-root MuiModal-backdrop css-4nmryk-MuiBackdrop-root-MuiModal-backdrop"></div> from <div role="presentation" class="MuiDrawer-root MuiDrawer-anchorLeft MuiDrawer-modal MuiModal-root css-6jon0t-MuiModal-root-MuiDrawer-root">…</div> subtree intercepts pointer events
      - retrying click action
        - waiting for element to be visible, enabled and stable
        - element is visible, enabled and stable
        - scrolling into view if needed
        - done scrolling
        - <div tabindex="0" role="button" class="MuiButtonBase-root MuiListItemButton-root MuiListItemButton-gutters MuiListItemButton-root MuiListItemButton-gutters css-18y7yct-MuiButtonBase-root-MuiListItemButton-root">…</div> from <div role="presentation" class="MuiDrawer-root MuiDrawer-anchorLeft MuiDrawer-modal MuiModal-root css-6jon0t-MuiModal-root-MuiDrawer-root">…</div> subtree intercepts pointer events
      - retrying click action
        - waiting 20ms
        - waiting for element to be visible, enabled and stable
        - element is visible, enabled and stable
        - scrolling into view if needed
        - done scrolling
        - <li class="MuiListItem-root MuiListItem-gutters css-52cm6o-MuiListItem-root">…</li> from <div role="presentation" class="MuiDrawer-root MuiDrawer-anchorLeft MuiDrawer-modal MuiModal-root css-6jon0t-MuiModal-root-MuiDrawer-root">…</div> subtree intercepts pointer events
      2 × retrying click action
          - waiting 100ms
          - waiting for element to be visible, enabled and stable
          - element is visible, enabled and stable
          - scrolling into view if needed
          - done scrolling
          - <div class="MuiBox-root css-wxocas">…</div> from <div role="presentation" class="MuiDrawer-root MuiDrawer-anchorLeft MuiDrawer-modal MuiModal-root css-6jon0t-MuiModal-root-MuiDrawer-root">…</div> subtree intercepts pointer events
      12 × retrying click action
           - waiting 500ms
           - waiting for element to be visible, enabled and stable
           - element is visible, enabled and stable
           - scrolling into view if needed
           - done scrolling
           - <li class="MuiListItem-root MuiListItem-gutters css-52cm6o-MuiListItem-root">…</li> from <div role="presentation" class="MuiDrawer-root MuiDrawer-anchorLeft MuiDrawer-modal MuiModal-root css-6jon0t-MuiModal-root-MuiDrawer-root">…</div> subtree intercepts pointer events
         - retrying click action
           - waiting 500ms
           - waiting for element to be visible, enabled and stable
           - element is visible, enabled and stable
           - scrolling into view if needed
           - done scrolling
           - <li class="MuiListItem-root MuiListItem-gutters css-52cm6o-MuiListItem-root">…</li> from <div role="presentation" class="MuiDrawer-root MuiDrawer-anchorLeft MuiDrawer-modal MuiModal-root css-6jon0t-MuiModal-root-MuiDrawer-root">…</div> subtree intercepts pointer events
         - retrying click action
           - waiting 500ms
           - waiting for element to be visible, enabled and stable
           - element is visible, enabled and stable
           - scrolling into view if needed
           - done scrolling
           - <div class="MuiBox-root css-wxocas">…</div> from <div role="presentation" class="MuiDrawer-root MuiDrawer-anchorLeft MuiDrawer-modal MuiModal-root css-6jon0t-MuiModal-root-MuiDrawer-root">…</div> subtree intercepts pointer events
         - retrying click action
           - waiting 500ms
           - waiting for element to be visible, enabled and stable
           - element is visible, enabled and stable
           - scrolling into view if needed
           - done scrolling
           - <div class="MuiBox-root css-wxocas">…</div> from <div role="presentation" class="MuiDrawer-root MuiDrawer-anchorLeft MuiDrawer-modal MuiModal-root css-6jon0t-MuiModal-root-MuiDrawer-root">…</div> subtree intercepts pointer events
      - retrying click action
        - waiting 500ms


      170 |
      171 |     // Navegar para clientes
    > 172 |     await authenticatedPage.click('[data-testid="nav-clientes"]');
          |                             ^
      173 |     await authenticatedPage.waitForURL('/clientes');
      174 |     await authenticatedPage.waitForSelector('[data-testid="clientes-content"]');
      175 |
        at C:\Users\ADMIN\Desktop\saasBarbearia\saas-barbearia\e2e\tests\smoke.spec.ts:172:29

    attachment #1: screenshot (image/png) ──────────────────────────────────────────────────────────
    ..\..\test-results\smoke-Smoke-Tests-deve-navegar-entre-módulos-principais-mobile-chrome\test-failed-1.png
    ────────────────────────────────────────────────────────────────────────────────────────────────

    attachment #2: video (video/webm) ──────────────────────────────────────────────────────────────
    ..\..\test-results\smoke-Smoke-Tests-deve-navegar-entre-módulos-principais-mobile-chrome\video.webm
    ────────────────────────────────────────────────────────────────────────────────────────────────

    Error Context: ..\..\test-results\smoke-Smoke-Tests-deve-navegar-entre-módulos-principais-mobile-chrome\error-context.md
]]>
</failure>
<system-err>
<![CDATA[
Warning: attachment smoke-Smoke-Tests-deve-navegar-entre-módulos-principais-mobile-chrome\test-failed-1.png is missing
Warning: attachment smoke-Smoke-Tests-deve-navegar-entre-módulos-principais-mobile-chrome\video.webm is missing
Warning: attachment smoke-Smoke-Tests-deve-navegar-entre-módulos-principais-mobile-chrome\error-context.md is missing]]>
</system-err>
</testcase>
<testcase name="Smoke Tests › deve carregar componentes de layout consistentemente" classname="smoke.spec.ts" time="17.071">
</testcase>
<testcase name="Smoke Tests › deve responder a mudanças de viewport" classname="smoke.spec.ts" time="28.536">
<failure message="smoke.spec.ts:218:7 deve responder a mudanças de viewport" type="FAILURE">
<![CDATA[  [mobile-chrome] › smoke.spec.ts:218:7 › Smoke Tests › deve responder a mudanças de viewport ──────

    Error: expect(locator).not.toBeVisible() failed

    Locator:  locator('[data-testid="app-sidebar"]')
    Expected: not visible
    Received: visible
    Timeout:  10000ms

    Call log:
      - Expect "not toBeVisible" with timeout 10000ms
      - waiting for locator('[data-testid="app-sidebar"]')
        13 × locator resolved to <nav data-testid="app-sidebar">…</nav>
           - unexpected value "visible"


      228 |
      229 |     // Verificar se sidebar está oculta em mobile
    > 230 |     await expect(authenticatedPage.locator('[data-testid="app-sidebar"]')).not.toBeVisible();
          |                                                                                ^
      231 |
      232 |     // Verificar se menu mobile está presente
      233 |     await expect(authenticatedPage.locator('[data-testid="mobile-menu-button"]')).toBeVisible();
        at C:\Users\ADMIN\Desktop\saasBarbearia\saas-barbearia\e2e\tests\smoke.spec.ts:230:80

    attachment #1: screenshot (image/png) ──────────────────────────────────────────────────────────
    ..\..\test-results\smoke-Smoke-Tests-deve-responder-a-mudanças-de-viewport-mobile-chrome\test-failed-1.png
    ────────────────────────────────────────────────────────────────────────────────────────────────

    attachment #2: video (video/webm) ──────────────────────────────────────────────────────────────
    ..\..\test-results\smoke-Smoke-Tests-deve-responder-a-mudanças-de-viewport-mobile-chrome\video.webm
    ────────────────────────────────────────────────────────────────────────────────────────────────

    Error Context: ..\..\test-results\smoke-Smoke-Tests-deve-responder-a-mudanças-de-viewport-mobile-chrome\error-context.md
]]>
</failure>
<system-err>
<![CDATA[
Warning: attachment smoke-Smoke-Tests-deve-responder-a-mudanças-de-viewport-mobile-chrome\test-failed-1.png is missing
Warning: attachment smoke-Smoke-Tests-deve-responder-a-mudanças-de-viewport-mobile-chrome\video.webm is missing
Warning: attachment smoke-Smoke-Tests-deve-responder-a-mudanças-de-viewport-mobile-chrome\error-context.md is missing]]>
</system-err>
</testcase>
<testcase name="Smoke Tests › deve carregar páginas com performance aceitável" classname="smoke.spec.ts" time="19.905">
</testcase>
</testsuite>
<testsuite name="smoke.spec.ts" timestamp="2025-08-29T19:03:04.873Z" hostname="mobile-safari" tests="13" failures="1" skipped="0" time="212.591" errors="0">
<testcase name="Smoke Tests › deve carregar dashboard principal" classname="smoke.spec.ts" time="17.246">
</testcase>
<testcase name="Smoke Tests › deve carregar página de clientes" classname="smoke.spec.ts" time="17.614">
</testcase>
<testcase name="Smoke Tests › deve carregar página de profissionais" classname="smoke.spec.ts" time="10.241">
</testcase>
<testcase name="Smoke Tests › deve carregar página de serviços" classname="smoke.spec.ts" time="13.271">
</testcase>
<testcase name="Smoke Tests › deve carregar página de agenda" classname="smoke.spec.ts" time="11.626">
</testcase>
<testcase name="Smoke Tests › deve carregar página da fila" classname="smoke.spec.ts" time="11.099">
</testcase>
<testcase name="Smoke Tests › deve carregar página financeira" classname="smoke.spec.ts" time="12.955">
</testcase>
<testcase name="Smoke Tests › deve carregar página de relatórios" classname="smoke.spec.ts" time="12.539">
</testcase>
<testcase name="Smoke Tests › deve carregar página de configurações" classname="smoke.spec.ts" time="11.738">
</testcase>
<testcase name="Smoke Tests › deve navegar entre módulos principais" classname="smoke.spec.ts" time="46.234">
<failure message="smoke.spec.ts:166:7 deve navegar entre módulos principais" type="FAILURE">
<![CDATA[  [mobile-safari] › smoke.spec.ts:166:7 › Smoke Tests › deve navegar entre módulos principais ──────

    Test timeout of 45000ms exceeded.

    Error: page.waitForURL: Test timeout of 45000ms exceeded.
    =========================== logs ===========================
    waiting for navigation to "/clientes" until "load"
    ============================================================

      171 |     // Navegar para clientes
      172 |     await authenticatedPage.click('[data-testid="nav-clientes"]');
    > 173 |     await authenticatedPage.waitForURL('/clientes');
          |                             ^
      174 |     await authenticatedPage.waitForSelector('[data-testid="clientes-content"]');
      175 |
      176 |     // Navegar para agenda
        at C:\Users\ADMIN\Desktop\saasBarbearia\saas-barbearia\e2e\tests\smoke.spec.ts:173:29

    attachment #1: screenshot (image/png) ──────────────────────────────────────────────────────────
    ..\..\test-results\smoke-Smoke-Tests-deve-navegar-entre-módulos-principais-mobile-safari\test-failed-1.png
    ────────────────────────────────────────────────────────────────────────────────────────────────

    attachment #2: video (video/webm) ──────────────────────────────────────────────────────────────
    ..\..\test-results\smoke-Smoke-Tests-deve-navegar-entre-módulos-principais-mobile-safari\video.webm
    ────────────────────────────────────────────────────────────────────────────────────────────────

    Error Context: ..\..\test-results\smoke-Smoke-Tests-deve-navegar-entre-módulos-principais-mobile-safari\error-context.md
]]>
</failure>
<system-err>
<![CDATA[
Warning: attachment smoke-Smoke-Tests-deve-navegar-entre-módulos-principais-mobile-safari\test-failed-1.png is missing
Warning: attachment smoke-Smoke-Tests-deve-navegar-entre-módulos-principais-mobile-safari\video.webm is missing
Warning: attachment smoke-Smoke-Tests-deve-navegar-entre-módulos-principais-mobile-safari\error-context.md is missing]]>
</system-err>
</testcase>
<testcase name="Smoke Tests › deve carregar componentes de layout consistentemente" classname="smoke.spec.ts" time="13.866">
</testcase>
<testcase name="Smoke Tests › deve responder a mudanças de viewport" classname="smoke.spec.ts" time="19.031">
</testcase>
<testcase name="Smoke Tests › deve carregar páginas com performance aceitável" classname="smoke.spec.ts" time="15.131">
</testcase>
</testsuite>
<testsuite name="smoke.spec.ts" timestamp="2025-08-29T19:03:04.873Z" hostname="tablet" tests="13" failures="0" skipped="0" time="199.675" errors="0">
<testcase name="Smoke Tests › deve carregar dashboard principal" classname="smoke.spec.ts" time="10.666">
</testcase>
<testcase name="Smoke Tests › deve carregar página de clientes" classname="smoke.spec.ts" time="11.227">
</testcase>
<testcase name="Smoke Tests › deve carregar página de profissionais" classname="smoke.spec.ts" time="12.986">
</testcase>
<testcase name="Smoke Tests › deve carregar página de serviços" classname="smoke.spec.ts" time="14.454">
</testcase>
<testcase name="Smoke Tests › deve carregar página de agenda" classname="smoke.spec.ts" time="18.391">
</testcase>
<testcase name="Smoke Tests › deve carregar página da fila" classname="smoke.spec.ts" time="12.719">
</testcase>
<testcase name="Smoke Tests › deve carregar página financeira" classname="smoke.spec.ts" time="16.67">
</testcase>
<testcase name="Smoke Tests › deve carregar página de relatórios" classname="smoke.spec.ts" time="13.724">
</testcase>
<testcase name="Smoke Tests › deve carregar página de configurações" classname="smoke.spec.ts" time="18.614">
</testcase>
<testcase name="Smoke Tests › deve navegar entre módulos principais" classname="smoke.spec.ts" time="22.96">
</testcase>
<testcase name="Smoke Tests › deve carregar componentes de layout consistentemente" classname="smoke.spec.ts" time="16.127">
</testcase>
<testcase name="Smoke Tests › deve responder a mudanças de viewport" classname="smoke.spec.ts" time="15.041">
</testcase>
<testcase name="Smoke Tests › deve carregar páginas com performance aceitável" classname="smoke.spec.ts" time="16.096">
</testcase>
</testsuite>
</testsuites>